<!DOCTYPE html>

<html>
  <head>
  <meta charset='utf-8'>
  <title>TestNG reports</title>

    <link type="text/css" href="testng-reports1.css" rel="stylesheet" id="ultra" />
    <link type="text/css" href="testng-reports.css" rel="stylesheet" id="retro" disabled="false"/>
    <script type="text/javascript" src="jquery-3.6.0.min.js"></script>
    <script type="text/javascript" src="testng-reports.js"></script>
    <script type="text/javascript" src="https://www.google.com/jsapi"></script>
    <script type='text/javascript'>
      google.load('visualization', '1', {packages:['table']});
      google.setOnLoadCallback(drawTable);
      var suiteTableInitFunctions = new Array();
      var suiteTableData = new Array();
    </script>
    <!--
      <script type="text/javascript" src="jquery-ui/js/jquery-ui-1.8.16.custom.min.js"></script>
     -->
  </head>

  <body>    <div class="top-banner-root">
      <span class="top-banner-title-font">Test results</span>
      <button id="button" class="button">Switch Retro Theme</button> <!-- button -->
      <br/>
      <span class="top-banner-font-1">1 suite, 16 failed tests</span>
    </div> <!-- top-banner-root -->
    <div class="navigator-root">
      <div class="navigator-suite-header">
        <span>All suites</span>
        <a href="#" title="Collapse/expand all the suites" class="collapse-all-link">
          <img src="collapseall.gif" class="collapse-all-icon">
          </img> <!-- collapse-all-icon -->
        </a> <!-- collapse-all-link -->
      </div> <!-- navigator-suite-header -->
      <div class="suite">
        <div class="rounded-window">
          <div class="suite-header light-rounded-window-top">
            <a href="#" panel-name="suite-Default_suite" class="navigator-link">
              <span class="suite-name border-failed">Default suite</span>
            </a> <!-- navigator-link -->
          </div> <!-- suite-header light-rounded-window-top -->
          <div class="navigator-suite-content">
            <div class="suite-section-title">
              <span>Info</span>
            </div> <!-- suite-section-title -->
            <div class="suite-section-content">
              <ul>
                <li>
                  <a href="#" panel-name="test-xml-Default_suite" class="navigator-link ">
                    <span>C:\Users\User\AppData\Local\Temp\testng-eclipse-754493686\testng-customsuite.xml</span>
                  </a> <!-- navigator-link  -->
                </li>
                <li>
                  <a href="#" panel-name="testlist-Default_suite" class="navigator-link ">
                    <span class="test-stats">1 test</span>
                  </a> <!-- navigator-link  -->
                </li>
                <li>
                  <a href="#" panel-name="group-Default_suite" class="navigator-link ">
                    <span>1 group</span>
                  </a> <!-- navigator-link  -->
                </li>
                <li>
                  <a href="#" panel-name="times-Default_suite" class="navigator-link ">
                    <span>Times</span>
                  </a> <!-- navigator-link  -->
                </li>
                <li>
                  <a href="#" panel-name="reporter-Default_suite" class="navigator-link ">
                    <span>Reporter output</span>
                  </a> <!-- navigator-link  -->
                </li>
                <li>
                  <a href="#" panel-name="ignored-methods-Default_suite" class="navigator-link ">
                    <span>Ignored methods</span>
                  </a> <!-- navigator-link  -->
                </li>
                <li>
                  <a href="#" panel-name="chronological-Default_suite" class="navigator-link ">
                    <span>Chronological view</span>
                  </a> <!-- navigator-link  -->
                </li>
              </ul>
            </div> <!-- suite-section-content -->
            <div class="result-section">
              <div class="suite-section-title">
                <span>Results</span>
              </div> <!-- suite-section-title -->
              <div class="suite-section-content">
                <ul>
                  <li>
                    <span class="method-stats">16 methods, 16 failed,   </span>
                  </li>
                  <li>
                    <span class="method-list-title failed">Failed methods</span>
                    <span class="show-or-hide-methods failed">
                      <a href="#" panel-name="suite-Default_suite" class="hide-methods failed suite-Default_suite"> (hide)</a> <!-- hide-methods failed suite-Default_suite -->
                      <a href="#" panel-name="suite-Default_suite" class="show-methods failed suite-Default_suite"> (show)</a> <!-- show-methods failed suite-Default_suite -->
                    </span>
                    <div class="method-list-content failed suite-Default_suite">
                      <span>
                        <img src="failed.png" width="3%"/>
                        <a href="#" panel-name="suite-Default_suite" title="com.runner.TestRunnerTestNG" class="method navigator-link" hash-for-method="runScenario(&quot;User enters invalid text for searching area&quot;, &quot;Invalid address management&quot;)">runScenario("User enters invalid text for searching area", "Invalid address management")</a> <!-- method navigator-link -->
                      </span>
                      <br/>
                      <span>
                        <img src="failed.png" width="3%"/>
                        <a href="#" panel-name="suite-Default_suite" title="com.runner.TestRunnerTestNG" class="method navigator-link" hash-for-method="runScenario(&quot;Verify Buy Medicines tab opens successfully&quot;, &quot;Buy Medicines Tab&quot;)">runScenario("Verify Buy Medicines tab opens successfully", "Buy Medicines Tab")</a> <!-- method navigator-link -->
                      </span>
                      <br/>
                      <span>
                        <img src="failed.png" width="3%"/>
                        <a href="#" panel-name="suite-Default_suite" title="com.runner.TestRunnerTestNG" class="method navigator-link" hash-for-method="runScenario(&quot;User able to save address as part&quot;, &quot;Invalid address management&quot;)">runScenario("User able to save address as part", "Invalid address management")</a> <!-- method navigator-link -->
                      </span>
                      <br/>
                      <span>
                        <img src="failed.png" width="3%"/>
                        <a href="#" panel-name="suite-Default_suite" title="com.runner.TestRunnerTestNG" class="method navigator-link" hash-for-method="runScenario(&quot;user provides address for delivering the products using valid credentials&quot;, &quot;Invalid address manage...)">runScenario("user provides address for delivering the products using valid credentials", "Invalid address manage...)</a> <!-- method navigator-link -->
                      </span>
                      <br/>
                      <span>
                        <img src="failed.png" width="3%"/>
                        <a href="#" panel-name="suite-Default_suite" title="com.runner.TestRunnerTestNG" class="method navigator-link" hash-for-method="runScenario(&quot;Search with invalid characters&quot;, &quot;Medicine Search Functionality&quot;)">runScenario("Search with invalid characters", "Medicine Search Functionality")</a> <!-- method navigator-link -->
                      </span>
                      <br/>
                      <span>
                        <img src="failed.png" width="3%"/>
                        <a href="#" panel-name="suite-Default_suite" title="com.runner.TestRunnerTestNG" class="method navigator-link" hash-for-method="runScenario(&quot;Search for a medicine that is out of stock&quot;, &quot;Medicine Search Functionality&quot;)">runScenario("Search for a medicine that is out of stock", "Medicine Search Functionality")</a> <!-- method navigator-link -->
                      </span>
                      <br/>
                      <span>
                        <img src="failed.png" width="3%"/>
                        <a href="#" panel-name="suite-Default_suite" title="com.runner.TestRunnerTestNG" class="method navigator-link" hash-for-method="runScenario(&quot;Search and add medicine to cart with filters&quot;, &quot;Medicine Search Functionality&quot;)">runScenario("Search and add medicine to cart with filters", "Medicine Search Functionality")</a> <!-- method navigator-link -->
                      </span>
                      <br/>
                      <span>
                        <img src="failed.png" width="3%"/>
                        <a href="#" panel-name="suite-Default_suite" title="com.runner.TestRunnerTestNG" class="method navigator-link" hash-for-method="runScenario(&quot;User unable to save flat number&quot;, &quot;Invalid address management&quot;)">runScenario("User unable to save flat number", "Invalid address management")</a> <!-- method navigator-link -->
                      </span>
                      <br/>
                      <span>
                        <img src="failed.png" width="3%"/>
                        <a href="#" panel-name="suite-Default_suite" title="com.runner.TestRunnerTestNG" class="method navigator-link" hash-for-method="runScenario(&quot;user provides address for delivering the products using valid credentials&quot;, &quot;Address Management&quot;)">runScenario("user provides address for delivering the products using valid credentials", "Address Management")</a> <!-- method navigator-link -->
                      </span>
                      <br/>
                      <span>
                        <img src="failed.png" width="3%"/>
                        <a href="#" panel-name="suite-Default_suite" title="com.runner.TestRunnerTestNG" class="method navigator-link" hash-for-method="runScenario(&quot;Verification of successful profile addition with all valid inputs&quot;, &quot;Addition of new Profile&quot;)">runScenario("Verification of successful profile addition with all valid inputs", "Addition of new Profile")</a> <!-- method navigator-link -->
                      </span>
                      <br/>
                      <span>
                        <img src="failed.png" width="3%"/>
                        <a href="#" panel-name="suite-Default_suite" title="com.runner.TestRunnerTestNG" class="method navigator-link" hash-for-method="runScenario(&quot;Search with a very long medicine name&quot;, &quot;Medicine Search Functionality&quot;)">runScenario("Search with a very long medicine name", "Medicine Search Functionality")</a> <!-- method navigator-link -->
                      </span>
                      <br/>
                      <span>
                        <img src="failed.png" width="3%"/>
                        <a href="#" panel-name="suite-Default_suite" title="com.runner.TestRunnerTestNG" class="method navigator-link" hash-for-method="runScenario(&quot;Verification of entering invalid inputs prevents profile addition&quot;, &quot;Addition of new Profile&quot;)">runScenario("Verification of entering invalid inputs prevents profile addition", "Addition of new Profile")</a> <!-- method navigator-link -->
                      </span>
                      <br/>
                      <span>
                        <img src="failed.png" width="3%"/>
                        <a href="#" panel-name="suite-Default_suite" title="com.runner.TestRunnerTestNG" class="method navigator-link" hash-for-method="runScenario(&quot;Verification of checkout proceeds to payment tab&quot;, &quot;Checkout Process&quot;)">runScenario("Verification of checkout proceeds to payment tab", "Checkout Process")</a> <!-- method navigator-link -->
                      </span>
                      <br/>
                      <span>
                        <img src="failed.png" width="3%"/>
                        <a href="#" panel-name="suite-Default_suite" title="com.runner.TestRunnerTestNG" class="method navigator-link" hash-for-method="runScenario(&quot;Login successfully&quot;, &quot;Login&quot;)">runScenario("Login successfully", "Login")</a> <!-- method navigator-link -->
                      </span>
                      <br/>
                      <span>
                        <img src="failed.png" width="3%"/>
                        <a href="#" panel-name="suite-Default_suite" title="com.runner.TestRunnerTestNG" class="method navigator-link" hash-for-method="runScenario(&quot;Launching the browser successfully&quot;, &quot;Launching the browser&quot;)">runScenario("Launching the browser successfully", "Launching the browser")</a> <!-- method navigator-link -->
                      </span>
                      <br/>
                      <span>
                        <img src="failed.png" width="3%"/>
                        <a href="#" panel-name="suite-Default_suite" title="com.runner.TestRunnerTestNG" class="method navigator-link" hash-for-method="runScenario(&quot;Search with valid  medicine name&quot;, &quot;Medicine Search Functionality&quot;)">runScenario("Search with valid  medicine name", "Medicine Search Functionality")</a> <!-- method navigator-link -->
                      </span>
                      <br/>
                    </div> <!-- method-list-content failed suite-Default_suite -->
                  </li>
                </ul>
              </div> <!-- suite-section-content -->
            </div> <!-- result-section -->
          </div> <!-- navigator-suite-content -->
        </div> <!-- rounded-window -->
      </div> <!-- suite -->
    </div> <!-- navigator-root -->
    <div class="wrapper">
      <div class="main-panel-root">
        <div panel-name="suite-Default_suite" class="panel Default_suite">
          <div class="suite-Default_suite-class-failed">
            <div class="main-panel-header rounded-window-top">
              <img src="failed.png"/>
              <span class="class-name">com.runner.TestRunnerTestNG</span>
            </div> <!-- main-panel-header rounded-window-top -->
            <div class="main-panel-content rounded-window-bottom">
              <div class="method">
                <div class="method-content">
                  <a name="runScenario(&quot;User enters invalid text for searching area&quot;, &quot;Invalid address management&quot;)">
                  </a> <!-- runScenario("User enters invalid text for searching area", "Invalid address management") -->
                  <span class="method-name">runScenario</span>
                  <span class="parameters">("User enters invalid text for searching area","Invalid address management")</span>
                  <div class="stack-trace">org.openqa.selenium.TimeoutException: Expected condition failed: waiting for element to be clickable: By.xpath: //span[contains(@class,&apos;CartAddress_actionBtn__&apos;) and text()=&apos;Change&apos;] (tried for 10 second(s) with 500 milliseconds interval)
Build info: version: &apos;4.34.0&apos;, revision: &apos;707dcb4246*&apos;
System info: os.name: &apos;Windows 11&apos;, os.arch: &apos;amd64&apos;, os.version: &apos;10.0&apos;, java.version: &apos;21.0.1&apos;
Driver info: org.openqa.selenium.chrome.ChromeDriver
Capabilities {acceptInsecureCerts: false, browserName: chrome, browserVersion: 140.0.7339.128, chrome: {chromedriverVersion: 140.0.7339.82 (bc93617e21c3..., userDataDir: C:\Users\User\AppData\Local...}, fedcm:accounts: true, goog:chromeOptions: {debuggerAddress: localhost:61080}, networkConnectionEnabled: false, pageLoadStrategy: normal, platformName: windows, proxy: Proxy(), se:cdp: ws://localhost:61080/devtoo..., se:cdpVersion: 140.0.7339.128, setWindowRect: true, strictFileInteractability: false, timeouts: {implicit: 0, pageLoad: 300000, script: 30000}, unhandledPromptBehavior: dismiss and notify, webauthn:extension:credBlob: true, webauthn:extension:largeBlob: true, webauthn:extension:minPinLength: true, webauthn:extension:prf: true, webauthn:virtualAuthenticators: true}
Session ID: 9af6af510b32a99be2080f0e348014c4
	at org.openqa.selenium.support.ui.WebDriverWait.timeoutException(WebDriverWait.java:84)
	at org.openqa.selenium.support.ui.FluentWait.until(FluentWait.java:228)
	at com.pages.AddressPage.clickChangeAddress(AddressPage.java:47)
	at com.stepDefinition.AddressInvalidStep.user_clicks_on_change(AddressInvalidStep.java:18)
	at ✽.user clicks on change(file:///C:/Users/User/eclipse-workspace/Apollo247TestingApp/src/test/resources/Features/6_AddressInvalid.feature:4)

</div> <!-- stack-trace -->
                  <em>
(Runs Cucumber Scenarios)                  </em>
                </div> <!-- method-content -->
              </div> <!-- method -->
              <div class="method">
                <div class="method-content">
                  <a name="runScenario(&quot;Verify Buy Medicines tab opens successfully&quot;, &quot;Buy Medicines Tab&quot;)">
                  </a> <!-- runScenario("Verify Buy Medicines tab opens successfully", "Buy Medicines Tab") -->
                  <span class="method-name">runScenario</span>
                  <span class="parameters">("Verify Buy Medicines tab opens successfully","Buy Medicines Tab")</span>
                  <div class="stack-trace">io.cucumber.testng.UndefinedStepException: The step &apos;user clicks on Buy Medicines tab&apos; and 1 other step(s) are undefined.
You can implement these steps using the snippet(s) below:

@When(&quot;user clicks on Buy Medicines tab&quot;)
public void user_clicks_on_buy_medicines_tab() {
    // Write code here that turns the phrase above into concrete actions
    throw new io.cucumber.java.PendingException();
}
@Then(&quot;user should see Buy Medicines and Essentials page&quot;)
public void user_should_see_buy_medicines_and_essentials_page() {
    // Write code here that turns the phrase above into concrete actions
    throw new io.cucumber.java.PendingException();
}

	at ✽.user clicks on Buy Medicines tab(file:///C:/Users/User/eclipse-workspace/Apollo247TestingApp/src/test/resources/Features/3_BuyMedicineTab.feature:4)

</div> <!-- stack-trace -->
                  <em>
(Runs Cucumber Scenarios)                  </em>
                </div> <!-- method-content -->
              </div> <!-- method -->
              <div class="method">
                <div class="method-content">
                  <a name="runScenario(&quot;User able to save address as part&quot;, &quot;Invalid address management&quot;)">
                  </a> <!-- runScenario("User able to save address as part", "Invalid address management") -->
                  <span class="method-name">runScenario</span>
                  <span class="parameters">("User able to save address as part","Invalid address management")</span>
                  <div class="stack-trace">org.openqa.selenium.TimeoutException: Expected condition failed: waiting for element to be clickable: By.xpath: //span[contains(@class,&apos;CartAddress_actionBtn__&apos;) and text()=&apos;Change&apos;] (tried for 10 second(s) with 500 milliseconds interval)
Build info: version: &apos;4.34.0&apos;, revision: &apos;707dcb4246*&apos;
System info: os.name: &apos;Windows 11&apos;, os.arch: &apos;amd64&apos;, os.version: &apos;10.0&apos;, java.version: &apos;21.0.1&apos;
Driver info: org.openqa.selenium.chrome.ChromeDriver
Capabilities {acceptInsecureCerts: false, browserName: chrome, browserVersion: 140.0.7339.128, chrome: {chromedriverVersion: 140.0.7339.82 (bc93617e21c3..., userDataDir: C:\Users\User\AppData\Local...}, fedcm:accounts: true, goog:chromeOptions: {debuggerAddress: localhost:61080}, networkConnectionEnabled: false, pageLoadStrategy: normal, platformName: windows, proxy: Proxy(), se:cdp: ws://localhost:61080/devtoo..., se:cdpVersion: 140.0.7339.128, setWindowRect: true, strictFileInteractability: false, timeouts: {implicit: 0, pageLoad: 300000, script: 30000}, unhandledPromptBehavior: dismiss and notify, webauthn:extension:credBlob: true, webauthn:extension:largeBlob: true, webauthn:extension:minPinLength: true, webauthn:extension:prf: true, webauthn:virtualAuthenticators: true}
Session ID: 9af6af510b32a99be2080f0e348014c4
	at org.openqa.selenium.support.ui.WebDriverWait.timeoutException(WebDriverWait.java:84)
	at org.openqa.selenium.support.ui.FluentWait.until(FluentWait.java:228)
	at com.pages.AddressPage.clickChangeAddress(AddressPage.java:47)
	at com.stepDefinition.AddressInvalidStep.user_clicks_on_change(AddressInvalidStep.java:18)
	at ✽.user clicks on change(file:///C:/Users/User/eclipse-workspace/Apollo247TestingApp/src/test/resources/Features/6_AddressInvalid.feature:17)

</div> <!-- stack-trace -->
                  <em>
(Runs Cucumber Scenarios)                  </em>
                </div> <!-- method-content -->
              </div> <!-- method -->
              <div class="method">
                <div class="method-content">
                  <a name="runScenario(&quot;user provides address for delivering the products using valid credentials&quot;, &quot;Invalid address manage...)">
                  </a> <!-- runScenario("user provides address for delivering the products using valid credentials", "Invalid address manage...) -->
                  <span class="method-name">runScenario</span>
                  <span class="parameters">("user provides address for delivering the products using valid credentials","Invalid address management")</span>
                  <div class="stack-trace">io.cucumber.testng.UndefinedStepException: The step &apos;user clicks on change in my cart&apos; and 4 other step(s) are undefined.
You can implement these steps using the snippet(s) below:

@When(&quot;user clicks on change in my cart&quot;)
public void user_clicks_on_change_in_my_cart() {
    // Write code here that turns the phrase above into concrete actions
    throw new io.cucumber.java.PendingException();
}
@When(&quot;user see the deliverto and click add new address&quot;)
public void user_see_the_deliverto_and_click_add_new_address() {
    // Write code here that turns the phrase above into concrete actions
    throw new io.cucumber.java.PendingException();
}
@When(&quot;user selects the address by typing in the textarea&quot;)
public void user_selects_the_address_by_typing_in_the_textarea() {
    // Write code here that turns the phrase above into concrete actions
    throw new io.cucumber.java.PendingException();
}
@When(&quot;user enters house number and and click save and next&quot;)
public void user_enters_house_number_and_and_click_save_and_next() {
    // Write code here that turns the phrase above into concrete actions
    throw new io.cucumber.java.PendingException();
}
@When(&quot;user enters recipient and click save address&quot;)
public void user_enters_recipient_and_click_save_address() {
    // Write code here that turns the phrase above into concrete actions
    throw new io.cucumber.java.PendingException();
}

	at ✽.user clicks on change in my cart(file:///C:/Users/User/eclipse-workspace/Apollo247TestingApp/src/test/resources/Features/6_AddressInvalid.feature:27)

</div> <!-- stack-trace -->
                  <em>
(Runs Cucumber Scenarios)                  </em>
                </div> <!-- method-content -->
              </div> <!-- method -->
              <div class="method">
                <div class="method-content">
                  <a name="runScenario(&quot;Search with invalid characters&quot;, &quot;Medicine Search Functionality&quot;)">
                  </a> <!-- runScenario("Search with invalid characters", "Medicine Search Functionality") -->
                  <span class="method-name">runScenario</span>
                  <span class="parameters">("Search with invalid characters","Medicine Search Functionality")</span>
                  <div class="stack-trace">io.cucumber.testng.UndefinedStepException: The step &apos;the user enters special characters in the search box&apos; and 1 other step(s) are undefined.
You can implement these steps using the snippet(s) below:

@When(&quot;the user enters special characters in the search box&quot;)
public void the_user_enters_special_characters_in_the_search_box() {
    // Write code here that turns the phrase above into concrete actions
    throw new io.cucumber.java.PendingException();
}
@Then(&quot;the system should display an error message&quot;)
public void the_system_should_display_an_error_message() {
    // Write code here that turns the phrase above into concrete actions
    throw new io.cucumber.java.PendingException();
}

	at ✽.the user enters special characters in the search box(file:///C:/Users/User/eclipse-workspace/Apollo247TestingApp/src/test/resources/Features/4_InvalidMedicineSearch.feature:10)

</div> <!-- stack-trace -->
                  <em>
(Runs Cucumber Scenarios)                  </em>
                </div> <!-- method-content -->
              </div> <!-- method -->
              <div class="method">
                <div class="method-content">
                  <a name="runScenario(&quot;Search for a medicine that is out of stock&quot;, &quot;Medicine Search Functionality&quot;)">
                  </a> <!-- runScenario("Search for a medicine that is out of stock", "Medicine Search Functionality") -->
                  <span class="method-name">runScenario</span>
                  <span class="parameters">("Search for a medicine that is out of stock","Medicine Search Functionality")</span>
                  <div class="stack-trace">io.cucumber.testng.UndefinedStepException: The step &apos;user searches for a medicine from test data marked as out of stock&apos; and 2 other step(s) are undefined.
You can implement these steps using the snippet(s) below:

@When(&quot;user searches for a medicine from test data marked as out of stock&quot;)
public void user_searches_for_a_medicine_from_test_data_marked_as_out_of_stock() {
    // Write code here that turns the phrase above into concrete actions
    throw new io.cucumber.java.PendingException();
}
@When(&quot;user applies the {string} filter&quot;)
public void user_applies_the_filter(String string) {
    // Write code here that turns the phrase above into concrete actions
    throw new io.cucumber.java.PendingException();
}
@Then(&quot;the system should display an error message&quot;)
public void the_system_should_display_an_error_message() {
    // Write code here that turns the phrase above into concrete actions
    throw new io.cucumber.java.PendingException();
}

	at ✽.user searches for a medicine from test data marked as out of stock(file:///C:/Users/User/eclipse-workspace/Apollo247TestingApp/src/test/resources/Features/4_InvalidMedicineSearch.feature:15)

</div> <!-- stack-trace -->
                  <em>
(Runs Cucumber Scenarios)                  </em>
                </div> <!-- method-content -->
              </div> <!-- method -->
              <div class="method">
                <div class="method-content">
                  <a name="runScenario(&quot;Search and add medicine to cart with filters&quot;, &quot;Medicine Search Functionality&quot;)">
                  </a> <!-- runScenario("Search and add medicine to cart with filters", "Medicine Search Functionality") -->
                  <span class="method-name">runScenario</span>
                  <span class="parameters">("Search and add medicine to cart with filters","Medicine Search Functionality")</span>
                  <div class="stack-trace">io.cucumber.testng.UndefinedStepException: The step &apos;user adds the product to cart and increases quantity by 2&apos; and 2 other step(s) are undefined.
You can implement these steps using the snippet(s) below:

@When(&quot;user adds the product to cart and increases quantity by {int}&quot;)
public void user_adds_the_product_to_cart_and_increases_quantity_by(Integer int1) {
    // Write code here that turns the phrase above into concrete actions
    throw new io.cucumber.java.PendingException();
}
@When(&quot;user clicks on View Cart button after adding products&quot;)
public void user_clicks_on_view_cart_button_after_adding_products() {
    // Write code here that turns the phrase above into concrete actions
    throw new io.cucumber.java.PendingException();
}
@Then(&quot;user should see the My Cart page&quot;)
public void user_should_see_the_my_cart_page() {
    // Write code here that turns the phrase above into concrete actions
    throw new io.cucumber.java.PendingException();
}

	at ✽.user adds the product to cart and increases quantity by 2(file:///C:/Users/User/eclipse-workspace/Apollo247TestingApp/src/test/resources/Features/5_ValidMedicineSearch.feature:11)

</div> <!-- stack-trace -->
                  <em>
(Runs Cucumber Scenarios)                  </em>
                </div> <!-- method-content -->
              </div> <!-- method -->
              <div class="method">
                <div class="method-content">
                  <a name="runScenario(&quot;User unable to save flat number&quot;, &quot;Invalid address management&quot;)">
                  </a> <!-- runScenario("User unable to save flat number", "Invalid address management") -->
                  <span class="method-name">runScenario</span>
                  <span class="parameters">("User unable to save flat number","Invalid address management")</span>
                  <div class="stack-trace">org.openqa.selenium.TimeoutException: Expected condition failed: waiting for element to be clickable: By.xpath: //span[contains(@class,&apos;CartAddress_actionBtn__&apos;) and text()=&apos;Change&apos;] (tried for 10 second(s) with 500 milliseconds interval)
Build info: version: &apos;4.34.0&apos;, revision: &apos;707dcb4246*&apos;
System info: os.name: &apos;Windows 11&apos;, os.arch: &apos;amd64&apos;, os.version: &apos;10.0&apos;, java.version: &apos;21.0.1&apos;
Driver info: org.openqa.selenium.chrome.ChromeDriver
Capabilities {acceptInsecureCerts: false, browserName: chrome, browserVersion: 140.0.7339.128, chrome: {chromedriverVersion: 140.0.7339.82 (bc93617e21c3..., userDataDir: C:\Users\User\AppData\Local...}, fedcm:accounts: true, goog:chromeOptions: {debuggerAddress: localhost:61080}, networkConnectionEnabled: false, pageLoadStrategy: normal, platformName: windows, proxy: Proxy(), se:cdp: ws://localhost:61080/devtoo..., se:cdpVersion: 140.0.7339.128, setWindowRect: true, strictFileInteractability: false, timeouts: {implicit: 0, pageLoad: 300000, script: 30000}, unhandledPromptBehavior: dismiss and notify, webauthn:extension:credBlob: true, webauthn:extension:largeBlob: true, webauthn:extension:minPinLength: true, webauthn:extension:prf: true, webauthn:virtualAuthenticators: true}
Session ID: 9af6af510b32a99be2080f0e348014c4
	at org.openqa.selenium.support.ui.WebDriverWait.timeoutException(WebDriverWait.java:84)
	at org.openqa.selenium.support.ui.FluentWait.until(FluentWait.java:228)
	at com.pages.AddressPage.clickChangeAddress(AddressPage.java:47)
	at com.stepDefinition.AddressInvalidStep.user_clicks_on_change(AddressInvalidStep.java:18)
	at ✽.user clicks on change(file:///C:/Users/User/eclipse-workspace/Apollo247TestingApp/src/test/resources/Features/6_AddressInvalid.feature:10)

</div> <!-- stack-trace -->
                  <em>
(Runs Cucumber Scenarios)                  </em>
                </div> <!-- method-content -->
              </div> <!-- method -->
              <div class="method">
                <div class="method-content">
                  <a name="runScenario(&quot;user provides address for delivering the products using valid credentials&quot;, &quot;Address Management&quot;)">
                  </a> <!-- runScenario("user provides address for delivering the products using valid credentials", "Address Management") -->
                  <span class="method-name">runScenario</span>
                  <span class="parameters">("user provides address for delivering the products using valid credentials","Address Management")</span>
                  <div class="stack-trace">io.cucumber.testng.UndefinedStepException: The step &apos;user clicks on change in my cart&apos; and 4 other step(s) are undefined.
You can implement these steps using the snippet(s) below:

@When(&quot;user clicks on change in my cart&quot;)
public void user_clicks_on_change_in_my_cart() {
    // Write code here that turns the phrase above into concrete actions
    throw new io.cucumber.java.PendingException();
}
@When(&quot;user see the deliverto and click add new address&quot;)
public void user_see_the_deliverto_and_click_add_new_address() {
    // Write code here that turns the phrase above into concrete actions
    throw new io.cucumber.java.PendingException();
}
@When(&quot;user selects the address by typing in the textarea&quot;)
public void user_selects_the_address_by_typing_in_the_textarea() {
    // Write code here that turns the phrase above into concrete actions
    throw new io.cucumber.java.PendingException();
}
@When(&quot;user enters house number and and click save and next&quot;)
public void user_enters_house_number_and_and_click_save_and_next() {
    // Write code here that turns the phrase above into concrete actions
    throw new io.cucumber.java.PendingException();
}
@When(&quot;user enters recipient and click save address&quot;)
public void user_enters_recipient_and_click_save_address() {
    // Write code here that turns the phrase above into concrete actions
    throw new io.cucumber.java.PendingException();
}

	at ✽.user clicks on change in my cart(file:///C:/Users/User/eclipse-workspace/Apollo247TestingApp/src/test/resources/Features/6_ValidAddress.feature:4)

</div> <!-- stack-trace -->
                  <em>
(Runs Cucumber Scenarios)                  </em>
                </div> <!-- method-content -->
              </div> <!-- method -->
              <div class="method">
                <div class="method-content">
                  <a name="runScenario(&quot;Verification of successful profile addition with all valid inputs&quot;, &quot;Addition of new Profile&quot;)">
                  </a> <!-- runScenario("Verification of successful profile addition with all valid inputs", "Addition of new Profile") -->
                  <span class="method-name">runScenario</span>
                  <span class="parameters">("Verification of successful profile addition with all valid inputs","Addition of new Profile")</span>
                  <div class="stack-trace">io.cucumber.testng.UndefinedStepException: The step &apos;the user enters the first name as &quot;&lt;firstname&gt;&quot;&apos; and 6 other step(s) are undefined.
You can implement these steps using the snippet(s) below:

@When(&quot;the user enters the first name as {string}&quot;)
public void the_user_enters_the_first_name_as(String string) {
    // Write code here that turns the phrase above into concrete actions
    throw new io.cucumber.java.PendingException();
}
@When(&quot;the user enters the last name as {string}&quot;)
public void the_user_enters_the_last_name_as(String string) {
    // Write code here that turns the phrase above into concrete actions
    throw new io.cucumber.java.PendingException();
}
@When(&quot;the user enters the dob as {string}&quot;)
public void the_user_enters_the_dob_as(String string) {
    // Write code here that turns the phrase above into concrete actions
    throw new io.cucumber.java.PendingException();
}
@When(&quot;the user choose the gender&quot;)
public void the_user_choose_the_gender() {
    // Write code here that turns the phrase above into concrete actions
    throw new io.cucumber.java.PendingException();
}
@When(&quot;the user choose the relation&quot;)
public void the_user_choose_the_relation() {
    // Write code here that turns the phrase above into concrete actions
    throw new io.cucumber.java.PendingException();
}
@When(&quot;the user clicks on save and confirm button&quot;)
public void the_user_clicks_on_save_and_confirm_button() {
    // Write code here that turns the phrase above into concrete actions
    throw new io.cucumber.java.PendingException();
}
@Then(&quot;the new patient is added successfully&quot;)
public void the_new_patient_is_added_successfully() {
    // Write code here that turns the phrase above into concrete actions
    throw new io.cucumber.java.PendingException();
}

	at ✽.the user enters the first name as &quot;&lt;firstname&gt;&quot;(file:///C:/Users/User/eclipse-workspace/Apollo247TestingApp/src/test/resources/Features/7_PatientForm.feature:18)

</div> <!-- stack-trace -->
                  <em>
(Runs Cucumber Scenarios)                  </em>
                </div> <!-- method-content -->
              </div> <!-- method -->
              <div class="method">
                <div class="method-content">
                  <a name="runScenario(&quot;Search with a very long medicine name&quot;, &quot;Medicine Search Functionality&quot;)">
                  </a> <!-- runScenario("Search with a very long medicine name", "Medicine Search Functionality") -->
                  <span class="method-name">runScenario</span>
                  <span class="parameters">("Search with a very long medicine name","Medicine Search Functionality")</span>
                  <div class="stack-trace">io.cucumber.testng.UndefinedStepException: The step &apos;the user enters numeric value  in the search box&apos; and 1 other step(s) are undefined.
You can implement these steps using the snippet(s) below:

@When(&quot;the user enters numeric value  in the search box&quot;)
public void the_user_enters_numeric_value_in_the_search_box() {
    // Write code here that turns the phrase above into concrete actions
    throw new io.cucumber.java.PendingException();
}
@Then(&quot;the system should display an error message&quot;)
public void the_system_should_display_an_error_message() {
    // Write code here that turns the phrase above into concrete actions
    throw new io.cucumber.java.PendingException();
}

	at ✽.the user enters numeric value  in the search box(file:///C:/Users/User/eclipse-workspace/Apollo247TestingApp/src/test/resources/Features/4_InvalidMedicineSearch.feature:5)

</div> <!-- stack-trace -->
                  <em>
(Runs Cucumber Scenarios)                  </em>
                </div> <!-- method-content -->
              </div> <!-- method -->
              <div class="method">
                <div class="method-content">
                  <a name="runScenario(&quot;Verification of entering invalid inputs prevents profile addition&quot;, &quot;Addition of new Profile&quot;)">
                  </a> <!-- runScenario("Verification of entering invalid inputs prevents profile addition", "Addition of new Profile") -->
                  <span class="method-name">runScenario</span>
                  <span class="parameters">("Verification of entering invalid inputs prevents profile addition","Addition of new Profile")</span>
                  <div class="stack-trace">io.cucumber.testng.UndefinedStepException: The step &apos;user clicks first proceed button&apos; and 8 other step(s) are undefined.
You can implement these steps using the snippet(s) below:

@When(&quot;user clicks first proceed button&quot;)
public void user_clicks_first_proceed_button() {
    // Write code here that turns the phrase above into concrete actions
    throw new io.cucumber.java.PendingException();
}
@When(&quot;user clicks Second proceed button&quot;)
public void user_clicks_second_proceed_button() {
    // Write code here that turns the phrase above into concrete actions
    throw new io.cucumber.java.PendingException();
}
@When(&quot;user clicks skip savings&quot;)
public void user_clicks_skip_savings() {
    // Write code here that turns the phrase above into concrete actions
    throw new io.cucumber.java.PendingException();
}
@Then(&quot;user should see the upload prescription tab&quot;)
public void user_should_see_the_upload_prescription_tab() {
    // Write code here that turns the phrase above into concrete actions
    throw new io.cucumber.java.PendingException();
}
@Then(&quot;user clicks Add patient button&quot;)
public void user_clicks_add_patient_button() {
    // Write code here that turns the phrase above into concrete actions
    throw new io.cucumber.java.PendingException();
}
@When(&quot;the user enters the invalid first name as {string}&quot;)
public void the_user_enters_the_invalid_first_name_as(String string) {
    // Write code here that turns the phrase above into concrete actions
    throw new io.cucumber.java.PendingException();
}
@When(&quot;the user enters the invalid dob as {string}&quot;)
public void the_user_enters_the_invalid_dob_as(String string) {
    // Write code here that turns the phrase above into concrete actions
    throw new io.cucumber.java.PendingException();
}
@When(&quot;the user enters the invalid email as {string}&quot;)
public void the_user_enters_the_invalid_email_as(String string) {
    // Write code here that turns the phrase above into concrete actions
    throw new io.cucumber.java.PendingException();
}

	at ✽.user clicks first proceed button(file:///C:/Users/User/eclipse-workspace/Apollo247TestingApp/src/test/resources/Features/7_PatientForm.feature:4)

</div> <!-- stack-trace -->
                  <em>
(Runs Cucumber Scenarios)                  </em>
                </div> <!-- method-content -->
              </div> <!-- method -->
              <div class="method">
                <div class="method-content">
                  <a name="runScenario(&quot;Verification of checkout proceeds to payment tab&quot;, &quot;Checkout Process&quot;)">
                  </a> <!-- runScenario("Verification of checkout proceeds to payment tab", "Checkout Process") -->
                  <span class="method-name">runScenario</span>
                  <span class="parameters">("Verification of checkout proceeds to payment tab","Checkout Process")</span>
                  <div class="stack-trace">io.cucumber.testng.UndefinedStepException: The step &apos;user clicks first proceed button&apos; and 2 other step(s) are undefined.
You can implement these steps using the snippet(s) below:

@When(&quot;user clicks first proceed button&quot;)
public void user_clicks_first_proceed_button() {
    // Write code here that turns the phrase above into concrete actions
    throw new io.cucumber.java.PendingException();
}
@When(&quot;user clicks second proceed button&quot;)
public void user_clicks_second_proceed_button() {
    // Write code here that turns the phrase above into concrete actions
    throw new io.cucumber.java.PendingException();
}
@Then(&quot;user should see the payments tab&quot;)
public void user_should_see_the_payments_tab() {
    // Write code here that turns the phrase above into concrete actions
    throw new io.cucumber.java.PendingException();
}

	at ✽.user clicks first proceed button(file:///C:/Users/User/eclipse-workspace/Apollo247TestingApp/src/test/resources/Features/8_Checkout.feature:4)

</div> <!-- stack-trace -->
                  <em>
(Runs Cucumber Scenarios)                  </em>
                </div> <!-- method-content -->
              </div> <!-- method -->
              <div class="method">
                <div class="method-content">
                  <a name="runScenario(&quot;Login successfully&quot;, &quot;Login&quot;)">
                  </a> <!-- runScenario("Login successfully", "Login") -->
                  <span class="method-name">runScenario</span>
                  <span class="parameters">("Login successfully","Login")</span>
                  <div class="stack-trace">io.cucumber.testng.UndefinedStepException: The step &apos;user is on the login page&apos; and 4 other step(s) are undefined.
You can implement these steps using the snippet(s) below:

@Given(&quot;user is on the login page&quot;)
public void user_is_on_the_login_page() {
    // Write code here that turns the phrase above into concrete actions
    throw new io.cucumber.java.PendingException();
}
@When(&quot;the user enter the valid Mobile Number as {string}&quot;)
public void the_user_enter_the_valid_mobile_number_as(String string) {
    // Write code here that turns the phrase above into concrete actions
    throw new io.cucumber.java.PendingException();
}
@When(&quot;user request an otp&quot;)
public void user_request_an_otp() {
    // Write code here that turns the phrase above into concrete actions
    throw new io.cucumber.java.PendingException();
}
@When(&quot;user enter the otp&quot;)
public void user_enter_the_otp() {
    // Write code here that turns the phrase above into concrete actions
    throw new io.cucumber.java.PendingException();
}
@Then(&quot;user should be successfully logged in&quot;)
public void user_should_be_successfully_logged_in() {
    // Write code here that turns the phrase above into concrete actions
    throw new io.cucumber.java.PendingException();
}

	at ✽.user is on the login page(file:///C:/Users/User/eclipse-workspace/Apollo247TestingApp/src/test/resources/Features/2_Login_ValidphoneOtp.feature:16)

</div> <!-- stack-trace -->
                  <em>
(Runs Cucumber Scenarios)                  </em>
                </div> <!-- method-content -->
              </div> <!-- method -->
              <div class="method">
                <div class="method-content">
                  <a name="runScenario(&quot;Launching the browser successfully&quot;, &quot;Launching the browser&quot;)">
                  </a> <!-- runScenario("Launching the browser successfully", "Launching the browser") -->
                  <span class="method-name">runScenario</span>
                  <span class="parameters">("Launching the browser successfully","Launching the browser")</span>
                  <div class="stack-trace">io.cucumber.core.runner.DuplicateStepDefinitionException: Duplicate step definitions in com.stepDefinition.AddressInvalidStep.user_validates_return_to_cart_page() and com.stepDefinition.AddressValidStep.user_validates_returned_to_cart_page()
	at io.cucumber.core.runner.CachingGlue.lambda$prepareGlue$3(CachingGlue.java:313)
	at java.base/java.util.ArrayList.forEach(ArrayList.java:1596)
	at io.cucumber.core.runner.CachingGlue.prepareGlue(CachingGlue.java:307)
	at io.cucumber.core.runner.Runner.runPickle(Runner.java:73)
	at io.cucumber.testng.TestNGCucumberRunner.lambda$runScenario$1(TestNGCucumberRunner.java:135)
	at io.cucumber.core.runtime.CucumberExecutionContext.lambda$runTestCase$5(CucumberExecutionContext.java:136)
	at io.cucumber.core.runtime.RethrowingThrowableCollector.executeAndThrow(RethrowingThrowableCollector.java:23)
	at io.cucumber.core.runtime.CucumberExecutionContext.runTestCase(CucumberExecutionContext.java:136)
	at io.cucumber.testng.TestNGCucumberRunner.runScenario(TestNGCucumberRunner.java:132)
	at io.cucumber.testng.AbstractTestNGCucumberTests.runScenario(AbstractTestNGCucumberTests.java:35)
	at java.base/jdk.internal.reflect.DirectMethodHandleAccessor.invoke(DirectMethodHandleAccessor.java:103)
	at java.base/java.lang.reflect.Method.invoke(Method.java:580)
	at org.testng.internal.invokers.MethodInvocationHelper.invokeMethod(MethodInvocationHelper.java:141)
	at org.testng.internal.invokers.TestInvoker.invokeMethod(TestInvoker.java:687)
	at org.testng.internal.invokers.TestInvoker.invokeTestMethod(TestInvoker.java:230)
	at org.testng.internal.invokers.MethodRunner.runInSequence(MethodRunner.java:63)
	at org.testng.internal.invokers.TestInvoker$MethodInvocationAgent.invoke(TestInvoker.java:995)
	at org.testng.internal.invokers.TestInvoker.invokeTestMethods(TestInvoker.java:203)
	at org.testng.internal.invokers.TestMethodWorker.invokeTestMethods(TestMethodWorker.java:154)
	at org.testng.internal.invokers.TestMethodWorker.run(TestMethodWorker.java:134)
	at java.base/java.util.ArrayList.forEach(ArrayList.java:1596)
	at org.testng.TestRunner.privateRun(TestRunner.java:741)
	at org.testng.TestRunner.run(TestRunner.java:616)
	at org.testng.SuiteRunner.runTest(SuiteRunner.java:421)
	at org.testng.SuiteRunner.runSequentially(SuiteRunner.java:413)
	at org.testng.SuiteRunner.privateRun(SuiteRunner.java:373)
	at org.testng.SuiteRunner.run(SuiteRunner.java:312)
	at org.testng.SuiteRunnerWorker.runSuite(SuiteRunnerWorker.java:52)
	at org.testng.SuiteRunnerWorker.run(SuiteRunnerWorker.java:95)
	at org.testng.TestNG.runSuitesSequentially(TestNG.java:1274)
	at org.testng.TestNG.runSuitesLocally(TestNG.java:1208)
	at org.testng.TestNG.runSuites(TestNG.java:1112)
	at org.testng.TestNG.run(TestNG.java:1079)
	at org.testng.remote.AbstractRemoteTestNG.run(AbstractRemoteTestNG.java:115)
	at org.testng.remote.RemoteTestNG.initAndRun(RemoteTestNG.java:293)
	at org.testng.remote.RemoteTestNG.main(RemoteTestNG.java:91)

</div> <!-- stack-trace -->
                  <em>
(Runs Cucumber Scenarios)                  </em>
                </div> <!-- method-content -->
              </div> <!-- method -->
              <div class="method">
                <div class="method-content">
                  <a name="runScenario(&quot;Search with valid  medicine name&quot;, &quot;Medicine Search Functionality&quot;)">
                  </a> <!-- runScenario("Search with valid  medicine name", "Medicine Search Functionality") -->
                  <span class="method-name">runScenario</span>
                  <span class="parameters">("Search with valid  medicine name","Medicine Search Functionality")</span>
                  <div class="stack-trace">io.cucumber.testng.UndefinedStepException: The step &apos;the user enters valid medicine name in the search box&apos; and 1 other step(s) are undefined.
You can implement these steps using the snippet(s) below:

@When(&quot;the user enters valid medicine name in the search box&quot;)
public void the_user_enters_valid_medicine_name_in_the_search_box() {
    // Write code here that turns the phrase above into concrete actions
    throw new io.cucumber.java.PendingException();
}
@Then(&quot;the system should display medicine name&quot;)
public void the_system_should_display_medicine_name() {
    // Write code here that turns the phrase above into concrete actions
    throw new io.cucumber.java.PendingException();
}

	at ✽.the user enters valid medicine name in the search box(file:///C:/Users/User/eclipse-workspace/Apollo247TestingApp/src/test/resources/Features/5_ValidMedicineSearch.feature:4)

</div> <!-- stack-trace -->
                  <em>
(Runs Cucumber Scenarios)                  </em>
                </div> <!-- method-content -->
              </div> <!-- method -->
            </div> <!-- main-panel-content rounded-window-bottom -->
          </div> <!-- suite-Default_suite-class-failed -->
        </div> <!-- panel Default_suite -->
        <div panel-name="test-xml-Default_suite" class="panel">
          <div class="main-panel-header rounded-window-top">
            <span class="header-content">C:\Users\User\AppData\Local\Temp\testng-eclipse-754493686\testng-customsuite.xml</span>
          </div> <!-- main-panel-header rounded-window-top -->
          <div class="main-panel-content rounded-window-bottom">
            <pre>
&lt;?xml version=&quot;1.0&quot; encoding=&quot;UTF-8&quot;?&gt;
&lt;!DOCTYPE suite SYSTEM &quot;https://testng.org/testng-1.0.dtd&quot;&gt;
&lt;suite name=&quot;Default suite&quot; guice-stage=&quot;DEVELOPMENT&quot;&gt;
  &lt;test thread-count=&quot;5&quot; name=&quot;Default test&quot; verbose=&quot;2&quot;&gt;
    &lt;classes&gt;
      &lt;class name=&quot;com.runner.TestRunnerTestNG&quot;/&gt;
    &lt;/classes&gt;
  &lt;/test&gt; &lt;!-- Default test --&gt;
&lt;/suite&gt; &lt;!-- Default suite --&gt;
            </pre>
          </div> <!-- main-panel-content rounded-window-bottom -->
        </div> <!-- panel -->
        <div panel-name="testlist-Default_suite" class="panel">
          <div class="main-panel-header rounded-window-top">
            <span class="header-content">Tests for Default suite</span>
          </div> <!-- main-panel-header rounded-window-top -->
          <div class="main-panel-content rounded-window-bottom">
            <ul>
              <li>
                <span class="test-name">Default test (1 class)</span>
              </li>
            </ul>
          </div> <!-- main-panel-content rounded-window-bottom -->
        </div> <!-- panel -->
        <div panel-name="group-Default_suite" class="panel">
          <div class="main-panel-header rounded-window-top">
            <span class="header-content">Groups for Default suite</span>
          </div> <!-- main-panel-header rounded-window-top -->
          <div class="main-panel-content rounded-window-bottom">
            <div class="test-group">
              <span class="test-group-name">cucumber</span>
              <br/>
              <div class="method-in-group">
                <span class="method-in-group-name">runScenario</span>
                <br/>
              </div> <!-- method-in-group -->
            </div> <!-- test-group -->
          </div> <!-- main-panel-content rounded-window-bottom -->
        </div> <!-- panel -->
        <div panel-name="times-Default_suite" class="panel">
          <div class="main-panel-header rounded-window-top">
            <span class="header-content">Times for Default suite</span>
          </div> <!-- main-panel-header rounded-window-top -->
          <div class="main-panel-content rounded-window-bottom">
            <div class="times-div">
              <script type="text/javascript">
suiteTableInitFunctions.push('tableData_Default_suite');
function tableData_Default_suite() {
var data = new google.visualization.DataTable();
data.addColumn('number', 'Number');
data.addColumn('string', 'Method');
data.addColumn('string', 'Class');
data.addColumn('number', 'Time (ms)');
data.addRows(16);
data.setCell(0, 0, 0)
data.setCell(0, 1, 'runScenario')
data.setCell(0, 2, 'com.runner.TestRunnerTestNG')
data.setCell(0, 3, 10374);
data.setCell(1, 0, 1)
data.setCell(1, 1, 'runScenario')
data.setCell(1, 2, 'com.runner.TestRunnerTestNG')
data.setCell(1, 3, 10243);
data.setCell(2, 0, 2)
data.setCell(2, 1, 'runScenario')
data.setCell(2, 2, 'com.runner.TestRunnerTestNG')
data.setCell(2, 3, 10199);
data.setCell(3, 0, 3)
data.setCell(3, 1, 'runScenario')
data.setCell(3, 2, 'com.runner.TestRunnerTestNG')
data.setCell(3, 3, 1541);
data.setCell(4, 0, 4)
data.setCell(4, 1, 'runScenario')
data.setCell(4, 2, 'com.runner.TestRunnerTestNG')
data.setCell(4, 3, 453);
data.setCell(5, 0, 5)
data.setCell(5, 1, 'runScenario')
data.setCell(5, 2, 'com.runner.TestRunnerTestNG')
data.setCell(5, 3, 450);
data.setCell(6, 0, 6)
data.setCell(6, 1, 'runScenario')
data.setCell(6, 2, 'com.runner.TestRunnerTestNG')
data.setCell(6, 3, 416);
data.setCell(7, 0, 7)
data.setCell(7, 1, 'runScenario')
data.setCell(7, 2, 'com.runner.TestRunnerTestNG')
data.setCell(7, 3, 399);
data.setCell(8, 0, 8)
data.setCell(8, 1, 'runScenario')
data.setCell(8, 2, 'com.runner.TestRunnerTestNG')
data.setCell(8, 3, 331);
data.setCell(9, 0, 9)
data.setCell(9, 1, 'runScenario')
data.setCell(9, 2, 'com.runner.TestRunnerTestNG')
data.setCell(9, 3, 143);
data.setCell(10, 0, 10)
data.setCell(10, 1, 'runScenario')
data.setCell(10, 2, 'com.runner.TestRunnerTestNG')
data.setCell(10, 3, 128);
data.setCell(11, 0, 11)
data.setCell(11, 1, 'runScenario')
data.setCell(11, 2, 'com.runner.TestRunnerTestNG')
data.setCell(11, 3, 80);
data.setCell(12, 0, 12)
data.setCell(12, 1, 'runScenario')
data.setCell(12, 2, 'com.runner.TestRunnerTestNG')
data.setCell(12, 3, 71);
data.setCell(13, 0, 13)
data.setCell(13, 1, 'runScenario')
data.setCell(13, 2, 'com.runner.TestRunnerTestNG')
data.setCell(13, 3, 46);
data.setCell(14, 0, 14)
data.setCell(14, 1, 'runScenario')
data.setCell(14, 2, 'com.runner.TestRunnerTestNG')
data.setCell(14, 3, 43);
data.setCell(15, 0, 15)
data.setCell(15, 1, 'runScenario')
data.setCell(15, 2, 'com.runner.TestRunnerTestNG')
data.setCell(15, 3, 36);
window.suiteTableData['Default_suite']= { tableData: data, tableDiv: 'times-div-Default_suite'}
return data;
}
              </script>
              <span class="suite-total-time">Total running time: 34 seconds</span>
              <div id="times-div-Default_suite">
              </div> <!-- times-div-Default_suite -->
            </div> <!-- times-div -->
          </div> <!-- main-panel-content rounded-window-bottom -->
        </div> <!-- panel -->
        <div panel-name="reporter-Default_suite" class="panel">
          <div class="main-panel-header rounded-window-top">
            <span class="header-content">Reporter output for Default suite</span>
          </div> <!-- main-panel-header rounded-window-top -->
          <div class="main-panel-content rounded-window-bottom">
          </div> <!-- main-panel-content rounded-window-bottom -->
        </div> <!-- panel -->
        <div panel-name="ignored-methods-Default_suite" class="panel">
          <div class="main-panel-header rounded-window-top">
            <span class="header-content">0 ignored methods</span>
          </div> <!-- main-panel-header rounded-window-top -->
          <div class="main-panel-content rounded-window-bottom">
          </div> <!-- main-panel-content rounded-window-bottom -->
        </div> <!-- panel -->
        <div panel-name="chronological-Default_suite" class="panel">
          <div class="main-panel-header rounded-window-top">
            <span class="header-content">Methods in chronological order</span>
          </div> <!-- main-panel-header rounded-window-top -->
          <div class="main-panel-content rounded-window-bottom">
            <div class="chronological-class">
              <div class="chronological-class-name">com.runner.TestRunnerTestNG</div> <!-- chronological-class-name -->
              <div class="configuration-class before">
                <span class="method-name">setUpClass(org.testng.TestRunner@407b8435)</span>
                <span class="method-start">0 ms</span>
              </div> <!-- configuration-class before -->
              <div class="test-method">
                <img src="failed.png">
                </img>
                <span class="method-name">runScenario("Launching the browser successfully", "Launching the browser")</span>
                <span class="method-start">5504 ms</span>
              </div> <!-- test-method -->
              <div class="test-method">
                <img src="failed.png">
                </img>
                <span class="method-name">runScenario("Login successfully", "Login")</span>
                <span class="method-start">5645 ms</span>
              </div> <!-- test-method -->
              <div class="test-method">
                <img src="failed.png">
                </img>
                <span class="method-name">runScenario("Verify Buy Medicines tab opens successfully", "Buy Medicines Tab")</span>
                <span class="method-start">7204 ms</span>
              </div> <!-- test-method -->
              <div class="test-method">
                <img src="failed.png">
                </img>
                <span class="method-name">runScenario("Search with a very long medicine name", "Medicine Search Functionality")</span>
                <span class="method-start">7703 ms</span>
              </div> <!-- test-method -->
              <div class="test-method">
                <img src="failed.png">
                </img>
                <span class="method-name">runScenario("Search with invalid characters", "Medicine Search Functionality")</span>
                <span class="method-start">8190 ms</span>
              </div> <!-- test-method -->
              <div class="test-method">
                <img src="failed.png">
                </img>
                <span class="method-name">runScenario("Search for a medicine that is out of stock", "Medicine Search Functionality")</span>
                <span class="method-start">8521 ms</span>
              </div> <!-- test-method -->
              <div class="test-method">
                <img src="failed.png">
                </img>
                <span class="method-name">runScenario("Search with valid  medicine name", "Medicine Search Functionality")</span>
                <span class="method-start">8956 ms</span>
              </div> <!-- test-method -->
              <div class="test-method">
                <img src="failed.png">
                </img>
                <span class="method-name">runScenario("Search and add medicine to cart with filters", "Medicine Search Functionality")</span>
                <span class="method-start">9377 ms</span>
              </div> <!-- test-method -->
              <div class="test-method">
                <img src="failed.png">
                </img>
                <span class="method-name">runScenario("User enters invalid text for searching area", "Invalid address management")</span>
                <span class="method-start">9554 ms</span>
              </div> <!-- test-method -->
              <div class="test-method">
                <img src="failed.png">
                </img>
                <span class="method-name">runScenario("User unable to save flat number", "Invalid address management")</span>
                <span class="method-start">19931 ms</span>
              </div> <!-- test-method -->
              <div class="test-method">
                <img src="failed.png">
                </img>
                <span class="method-name">runScenario("User able to save address as part", "Invalid address management")</span>
                <span class="method-start">30177 ms</span>
              </div> <!-- test-method -->
              <div class="test-method">
                <img src="failed.png">
                </img>
                <span class="method-name">runScenario("user provides address for delivering the products using valid credentials", "Invalid address manage...)</span>
                <span class="method-start">40383 ms</span>
              </div> <!-- test-method -->
              <div class="test-method">
                <img src="failed.png">
                </img>
                <span class="method-name">runScenario("user provides address for delivering the products using valid credentials", "Address Management")</span>
                <span class="method-start">40466 ms</span>
              </div> <!-- test-method -->
              <div class="test-method">
                <img src="failed.png">
                </img>
                <span class="method-name">runScenario("Verification of entering invalid inputs prevents profile addition", "Addition of new Profile")</span>
                <span class="method-start">40515 ms</span>
              </div> <!-- test-method -->
              <div class="test-method">
                <img src="failed.png">
                </img>
                <span class="method-name">runScenario("Verification of successful profile addition with all valid inputs", "Addition of new Profile")</span>
                <span class="method-start">40588 ms</span>
              </div> <!-- test-method -->
              <div class="test-method">
                <img src="failed.png">
                </img>
                <span class="method-name">runScenario("Verification of checkout proceeds to payment tab", "Checkout Process")</span>
                <span class="method-start">40625 ms</span>
              </div> <!-- test-method -->
              <div class="configuration-class after">
                <span class="method-name">tearDownClass</span>
                <span class="method-start">40677 ms</span>
              </div> <!-- configuration-class after -->
          </div> <!-- main-panel-content rounded-window-bottom -->
        </div> <!-- panel -->
      </div> <!-- main-panel-root -->
    </div> <!-- wrapper -->
  </body>
<script type="text/javascript" src="testng-reports2.js"></script>
</html>
