<?xml version="1.0" encoding="UTF-8"?>
<!-- Generated by org.testng.reporters.JUnitReportReporter -->
<testsuite hostname="DESKTOP-04V0FKK" failures="1" tests="15" name="com.runner.TestRunnerTestNG" time="135.830" errors="2" timestamp="2025-09-14T04:21:23 IST" skipped="0">
  <testcase classname="com.runner.TestRunnerTestNG" name="runScenario" time="15.487">
    <failure message="❌ First Name field not found: Expected condition failed: waiting for visibility of element located by By.xpath: //h2[contains(text(),&#039;Add New Family Member&#039;)] (tried for 15 second(s) with 500 milliseconds interval)
Build info: version: &#039;4.34.0&#039;, revision: &#039;707dcb4246*&#039;
System info: os.name: &#039;Windows 11&#039;, os.arch: &#039;amd64&#039;, os.version: &#039;10.0&#039;, java.version: &#039;21.0.1&#039;
Driver info: org.openqa.selenium.chrome.ChromeDriver
Capabilities {acceptInsecureCerts: false, browserName: chrome, browserVersion: 140.0.7339.128, chrome: {chromedriverVersion: 140.0.7339.82 (bc93617e21c3..., userDataDir: C:\Users\User\AppData\Local...}, fedcm:accounts: true, goog:chromeOptions: {debuggerAddress: localhost:61573}, networkConnectionEnabled: false, pageLoadStrategy: normal, platformName: windows, proxy: Proxy(), se:cdp: ws://localhost:61573/devtoo..., se:cdpVersion: 140.0.7339.128, setWindowRect: true, strictFileInteractability: false, timeouts: {implicit: 0, pageLoad: 300000, script: 30000}, unhandledPromptBehavior: dismiss and notify, webauthn:extension:credBlob: true, webauthn:extension:largeBlob: true, webauthn:extension:minPinLength: true, webauthn:extension:prf: true, webauthn:virtualAuthenticators: true}
Session ID: df394651cb453037eec7f0c0e3d72792" type="java.lang.AssertionError">
      <![CDATA[java.lang.AssertionError: ❌ First Name field not found: Expected condition failed: waiting for visibility of element located by By.xpath: //h2[contains(text(),'Add New Family Member')] (tried for 15 second(s) with 500 milliseconds interval)
Build info: version: '4.34.0', revision: '707dcb4246*'
System info: os.name: 'Windows 11', os.arch: 'amd64', os.version: '10.0', java.version: '21.0.1'
Driver info: org.openqa.selenium.chrome.ChromeDriver
Capabilities {acceptInsecureCerts: false, browserName: chrome, browserVersion: 140.0.7339.128, chrome: {chromedriverVersion: 140.0.7339.82 (bc93617e21c3..., userDataDir: C:\Users\User\AppData\Local...}, fedcm:accounts: true, goog:chromeOptions: {debuggerAddress: localhost:61573}, networkConnectionEnabled: false, pageLoadStrategy: normal, platformName: windows, proxy: Proxy(), se:cdp: ws://localhost:61573/devtoo..., se:cdpVersion: 140.0.7339.128, setWindowRect: true, strictFileInteractability: false, timeouts: {implicit: 0, pageLoad: 300000, script: 30000}, unhandledPromptBehavior: dismiss and notify, webauthn:extension:credBlob: true, webauthn:extension:largeBlob: true, webauthn:extension:minPinLength: true, webauthn:extension:prf: true, webauthn:virtualAuthenticators: true}
Session ID: df394651cb453037eec7f0c0e3d72792
at org.testng.Assert.fail(Assert.java:111)
at com.pages.ProfilePage.enterFirstName(ProfilePage.java:117)
at com.stepDefinition.ProfileStep.the_user_enters_the_first_name_as(ProfileStep.java:42)
at ✽.the user enters the first name as "<firstname>"(file:///C:/Users/User/eclipse-workspace/Apollo247TestingApp/src/test/resources/Features/7_PatientForm.feature:18)
]]>
    </failure>
  </testcase> <!-- runScenario -->
  <testcase classname="com.runner.TestRunnerTestNG" name="runScenario" time="17.500"/>
  <testcase classname="com.runner.TestRunnerTestNG" name="runScenario" time="22.713"/>
  <testcase classname="com.runner.TestRunnerTestNG" name="runScenario" time="17.273"/>
  <testcase classname="com.runner.TestRunnerTestNG" name="runScenario" time="2.051"/>
  <testcase classname="com.runner.TestRunnerTestNG" name="runScenario" time="4.057"/>
  <testcase classname="com.runner.TestRunnerTestNG" name="runScenario" time="1.581"/>
  <testcase classname="com.runner.TestRunnerTestNG" name="runScenario" time="4.593"/>
  <testcase classname="com.runner.TestRunnerTestNG" name="runScenario" time="0.991">
    <error message="The step &#039;user clicks Second proceed button&#039; is undefined.
You can implement this step using the snippet(s) below:

@When(&quot;user clicks Second proceed button&quot;)
public void user_clicks_second_proceed_button() {
    // Write code here that turns the phrase above into concrete actions
    throw new io.cucumber.java.PendingException();
}
" type="io.cucumber.testng.UndefinedStepException">
      <![CDATA[io.cucumber.testng.UndefinedStepException: The step 'user clicks Second proceed button' is undefined.
You can implement this step using the snippet(s) below:

@When("user clicks Second proceed button")
public void user_clicks_second_proceed_button() {
    // Write code here that turns the phrase above into concrete actions
    throw new io.cucumber.java.PendingException();
}

at ✽.user clicks Second proceed button(file:///C:/Users/User/eclipse-workspace/Apollo247TestingApp/src/test/resources/Features/7_PatientForm.feature:5)
]]>
    </error>
  </testcase> <!-- runScenario -->
  <testcase classname="com.runner.TestRunnerTestNG" name="runScenario" time="16.818"/>
  <testcase classname="com.runner.TestRunnerTestNG" name="runScenario" time="4.911"/>
  <testcase classname="com.runner.TestRunnerTestNG" name="runScenario" time="3.633"/>
  <testcase classname="com.runner.TestRunnerTestNG" name="runScenario" time="5.093"/>
  <testcase classname="com.runner.TestRunnerTestNG" name="runScenario" time="17.500"/>
  <testcase classname="com.runner.TestRunnerTestNG" name="runScenario" time="1.629">
    <error message="The step &#039;user should see the payments tab&#039; is undefined.
You can implement this step using the snippet(s) below:

@Then(&quot;user should see the payments tab&quot;)
public void user_should_see_the_payments_tab() {
    // Write code here that turns the phrase above into concrete actions
    throw new io.cucumber.java.PendingException();
}
" type="io.cucumber.testng.UndefinedStepException">
      <![CDATA[io.cucumber.testng.UndefinedStepException: The step 'user should see the payments tab' is undefined.
You can implement this step using the snippet(s) below:

@Then("user should see the payments tab")
public void user_should_see_the_payments_tab() {
    // Write code here that turns the phrase above into concrete actions
    throw new io.cucumber.java.PendingException();
}

at ✽.user should see the payments tab(file:///C:/Users/User/eclipse-workspace/Apollo247TestingApp/src/test/resources/Features/8_Checkout.feature:6)
]]>
    </error>
  </testcase> <!-- runScenario -->
</testsuite> <!-- com.runner.TestRunnerTestNG -->
